<?xml version="1.0" encoding="UTF-8" ?>
<testsuites disabled="0" errors="0" failures="0" tests="6" time="0.064">
 <testsuite name="Super test suite" timestamp="2021-01-28T18:27:04" hostname="localhost" time="0.064" errors="0" tests="6" skipped="0" disabled="0" failures="0">
  <testcase classname="Super test suite" name="Test if / path is responding with 200" time="0.016" />
  <testcase classname="Super test suite" name="Test if /ad/id is responding with 200" time="0.009" />
  <testcase classname="Super test suite" name="Test if /ad/new is responding with 200" time="0.003" />
  <testcase classname="Super test suite" name="Test if /ad/id/update is responding with 200" time="0.002" />
  <testcase classname="Super test suite" name="Test if /ad/id/delete is responding with 200" time="0.006" />
  <testcase classname="Super test suite" name="Test if random path is returning 404" time="0.003" />
 </testsuite>
</testsuites>